15:53:29.618 [main] INFO  testCases.TC001_AccountRegistrationTest.verify_account_registration(TC001_AccountRegistrationTest.java:37)oggger - Providing customer details....
15:53:31.138 [main] INFO  testCases.TC001_AccountRegistrationTest.verify_account_registration(TC001_AccountRegistrationTest.java:52)oggger - Validating expected message...
15:53:31.182 [main] INFO  testCases.TC001_AccountRegistrationTest.verify_account_registration(TC001_AccountRegistrationTest.java:67)oggger - Finished Test Case...
15:53:39.871 [main] INFO  testCases.TC001_AccountRegistrationTest.verify_account_registration(TC001_AccountRegistrationTest.java:26)oggger - ***** Starting TC001_AccountRegistrationTest   *****
15:53:40.869 [main] INFO  testCases.TC001_AccountRegistrationTest.verify_account_registration(TC001_AccountRegistrationTest.java:32)oggger - Clicked on Register Link
15:53:40.869 [main] INFO  testCases.TC001_AccountRegistrationTest.verify_account_registration(TC001_AccountRegistrationTest.java:37)oggger - Providing customer details....
15:53:42.345 [main] INFO  testCases.TC001_AccountRegistrationTest.verify_account_registration(TC001_AccountRegistrationTest.java:52)oggger - Validating expected message...
15:53:42.384 [main] INFO  testCases.TC001_AccountRegistrationTest.verify_account_registration(TC001_AccountRegistrationTest.java:67)oggger - Finished Test Case...
15:54:21.287 [main] INFO  org.testng.log4testng.Logger.info(Logger.java:112)oggger - [TestNG] Running:
  C:\Users\lahar\eclipse-workspace\Mavenproject\OpencartV121\crossbrowsertesting.xml

15:54:28.808 [TestNG-tests-1] INFO  testCases.TC001_AccountRegistrationTest.verify_account_registration(TC001_AccountRegistrationTest.java:26)oggger - ***** Starting TC001_AccountRegistrationTest   *****
15:54:29.669 [TestNG-tests-2] INFO  testCases.TC001_AccountRegistrationTest.verify_account_registration(TC001_AccountRegistrationTest.java:26)oggger - ***** Starting TC001_AccountRegistrationTest   *****
15:54:29.801 [TestNG-tests-1] INFO  testCases.TC001_AccountRegistrationTest.verify_account_registration(TC001_AccountRegistrationTest.java:32)oggger - Clicked on Register Link
15:54:29.805 [TestNG-tests-1] INFO  testCases.TC001_AccountRegistrationTest.verify_account_registration(TC001_AccountRegistrationTest.java:37)oggger - Providing customer details....
15:54:30.530 [TestNG-tests-1] INFO  testCases.TC001_AccountRegistrationTest.verify_account_registration(TC001_AccountRegistrationTest.java:52)oggger - Validating expected message...
15:54:30.660 [TestNG-tests-2] INFO  testCases.TC001_AccountRegistrationTest.verify_account_registration(TC001_AccountRegistrationTest.java:32)oggger - Clicked on Register Link
15:54:30.661 [TestNG-tests-2] INFO  testCases.TC001_AccountRegistrationTest.verify_account_registration(TC001_AccountRegistrationTest.java:37)oggger - Providing customer details....
15:54:31.123 [TestNG-tests-3] INFO  testCases.TC001_AccountRegistrationTest.verify_account_registration(TC001_AccountRegistrationTest.java:26)oggger - ***** Starting TC001_AccountRegistrationTest   *****
15:54:31.944 [TestNG-tests-1] INFO  testCases.TC001_AccountRegistrationTest.verify_account_registration(TC001_AccountRegistrationTest.java:67)oggger - Finished Test Case...
15:54:32.206 [TestNG-tests-3] INFO  testCases.TC001_AccountRegistrationTest.verify_account_registration(TC001_AccountRegistrationTest.java:32)oggger - Clicked on Register Link
15:54:32.207 [TestNG-tests-3] INFO  testCases.TC001_AccountRegistrationTest.verify_account_registration(TC001_AccountRegistrationTest.java:37)oggger - Providing customer details....
15:54:34.958 [TestNG-tests-2] INFO  testCases.TC001_AccountRegistrationTest.verify_account_registration(TC001_AccountRegistrationTest.java:52)oggger - Validating expected message...
15:54:34.983 [TestNG-tests-2] INFO  testCases.TC001_AccountRegistrationTest.verify_account_registration(TC001_AccountRegistrationTest.java:67)oggger - Finished Test Case...
15:54:35.191 [TestNG-tests-3] INFO  testCases.TC001_AccountRegistrationTest.verify_account_registration(TC001_AccountRegistrationTest.java:52)oggger - Validating expected message...
15:54:35.227 [TestNG-tests-3] INFO  testCases.TC001_AccountRegistrationTest.verify_account_registration(TC001_AccountRegistrationTest.java:67)oggger - Finished Test Case...
16:10:29.633 [main] INFO  org.testng.log4testng.Logger.info(Logger.java:112)oggger - [TestNG] Running:
  C:\Users\lahar\eclipse-workspace\Mavenproject\OpencartV121\master.xml

16:10:36.333 [main] INFO  testCases.TC001_AccountRegistrationTest.verify_account_registration(TC001_AccountRegistrationTest.java:26)oggger - ***** Starting TC001_AccountRegistrationTest   *****
16:10:37.196 [main] INFO  testCases.TC001_AccountRegistrationTest.verify_account_registration(TC001_AccountRegistrationTest.java:32)oggger - Clicked on Register Link
16:10:37.198 [main] INFO  testCases.TC001_AccountRegistrationTest.verify_account_registration(TC001_AccountRegistrationTest.java:37)oggger - Providing customer details....
